Using pre-set license
Built from '2020.3/staging' branch; Version is '2020.3.23f1 (c5d91304a876) revision 12966163'; Using compiler version '192528614'; Build Type 'Release'
OS: 'Windows 10 Pro; OS build 19043.1348; Version 2009; 64bit' Language: 'fr' Physical Memory: 16259 MB
BatchMode: 1, IsHumanControllingUs: 0, StartBugReporterOnCrash: 0, Is64bit: 1, IsPro: 0

COMMAND LINE ARGUMENTS:
C:\Program Files\Unity\Hub\Editor\2020.3.23f1\Editor\Unity.exe
-adb2
-batchMode
-noUpm
-name
AssetImportWorker0
-projectPath
C:/Users/Robin Verona/Desktop/gobelins-exquisite-corpse
-logFile
Logs/AssetImportWorker0.log
-srvPort
52846
Successfully changed project path to: C:/Users/Robin Verona/Desktop/gobelins-exquisite-corpse
C:/Users/Robin Verona/Desktop/gobelins-exquisite-corpse
Using Asset Import Pipeline V2.
Refreshing native plugins compatible for Editor in 51.92 ms, found 2 plugins.
Preloading 0 native plugins for Editor in 0.00 ms.
Initialize engine version: 2020.3.23f1 (c5d91304a876)
[Subsystems] Discovering subsystems at path C:/Program Files/Unity/Hub/Editor/2020.3.23f1/Editor/Data/Resources/UnitySubsystems
[Subsystems] Discovering subsystems at path C:/Users/Robin Verona/Desktop/gobelins-exquisite-corpse/Assets
GfxDevice: creating device client; threaded=0
Direct3D:
    Version:  Direct3D 11.0 [level 11.1]
    Renderer: AMD FirePro M4150 (ID=0x6605)
    Vendor:   
    VRAM:     1004 MB
    Driver:   27.20.20904.1004
Initialize mono
Mono path[0] = 'C:/Program Files/Unity/Hub/Editor/2020.3.23f1/Editor/Data/Managed'
Mono path[1] = 'C:/Program Files/Unity/Hub/Editor/2020.3.23f1/Editor/Data/MonoBleedingEdge/lib/mono/unityjit'
Mono config path = 'C:/Program Files/Unity/Hub/Editor/2020.3.23f1/Editor/Data/MonoBleedingEdge/etc'
Using monoOptions --debugger-agent=transport=dt_socket,embedding=1,server=y,suspend=n,address=127.0.0.1:56124
Begin MonoManager ReloadAssembly
Registering precompiled unity dll's ...
Register platform support module: C:/Program Files/Unity/Hub/Editor/2020.3.23f1/Editor/Data/PlaybackEngines/WindowsStandaloneSupport/UnityEditor.WindowsStandalone.Extensions.dll
Registered in 0.002342 seconds.
Native extension for WindowsStandalone target not found
Refreshing native plugins compatible for Editor in 75.00 ms, found 2 plugins.
Preloading 0 native plugins for Editor in 0.00 ms.
Mono: successfully reloaded assembly
- Completed reload, in  1.113 seconds
Domain Reload Profiling:
	ReloadAssembly (1113ms)
		BeginReloadAssembly (71ms)
			ExecutionOrderSort (0ms)
			DisableScriptedObjects (0ms)
			BackupInstance (0ms)
			ReleaseScriptingObjects (0ms)
			CreateAndSetChildDomain (1ms)
		EndReloadAssembly (945ms)
			LoadAssemblies (68ms)
			RebuildTransferFunctionScriptingTraits (0ms)
			SetupTypeCache (231ms)
			ReleaseScriptCaches (0ms)
			RebuildScriptCaches (111ms)
			SetupLoadedEditorAssemblies (470ms)
				LogAssemblyErrors (0ms)
				InitializePlatformSupportModulesInManaged (6ms)
				SetLoadedEditorAssemblies (0ms)
				RefreshPlugins (75ms)
				BeforeProcessingInitializeOnLoad (96ms)
				ProcessInitializeOnLoadAttributes (254ms)
				ProcessInitializeOnLoadMethodAttributes (38ms)
				AfterProcessingInitializeOnLoad (0ms)
				EditorAssembliesLoaded (0ms)
			ExecutionOrderSort2 (0ms)
			AwakeInstancesAfterBackupRestoration (0ms)
Platform modules already initialized, skipping
Registering precompiled user dll's ...
Registered in 0.005346 seconds.
Begin MonoManager ReloadAssembly
Native extension for WindowsStandalone target not found
Refreshing native plugins compatible for Editor in 0.49 ms, found 2 plugins.
Preloading 0 native plugins for Editor in 0.00 ms.
Mono: successfully reloaded assembly
- Completed reload, in  1.372 seconds
Domain Reload Profiling:
	ReloadAssembly (1374ms)
		BeginReloadAssembly (185ms)
			ExecutionOrderSort (0ms)
			DisableScriptedObjects (6ms)
			BackupInstance (0ms)
			ReleaseScriptingObjects (0ms)
			CreateAndSetChildDomain (23ms)
		EndReloadAssembly (1111ms)
			LoadAssemblies (107ms)
			RebuildTransferFunctionScriptingTraits (0ms)
			SetupTypeCache (374ms)
			ReleaseScriptCaches (0ms)
			RebuildScriptCaches (65ms)
			SetupLoadedEditorAssemblies (426ms)
				LogAssemblyErrors (0ms)
				InitializePlatformSupportModulesInManaged (6ms)
				SetLoadedEditorAssemblies (1ms)
				RefreshPlugins (1ms)
				BeforeProcessingInitializeOnLoad (88ms)
				ProcessInitializeOnLoadAttributes (312ms)
				ProcessInitializeOnLoadMethodAttributes (11ms)
				AfterProcessingInitializeOnLoad (7ms)
				EditorAssembliesLoaded (0ms)
			ExecutionOrderSort2 (0ms)
			AwakeInstancesAfterBackupRestoration (9ms)
Platform modules already initialized, skipping
========================================================================
Worker process is ready to serve import requests
Launched and connected shader compiler UnityShaderCompiler.exe after 0.09 seconds
Refreshing native plugins compatible for Editor in 0.72 ms, found 2 plugins.
Preloading 0 native plugins for Editor in 0.00 ms.
Unloading 2010 Unused Serialized files (Serialized files now loaded: 0)
System memory in use before: 93.7 MB.
System memory in use after: 93.7 MB.

Unloading 20 unused Assets to reduce memory usage. Loaded Objects now: 2446.
Total: 3.975300 ms (FindLiveObjects: 0.248100 ms CreateObjectMapping: 0.143900 ms MarkObjects: 3.423100 ms  DeleteObjects: 0.158900 ms)

AssetImportParameters requested are different than current active one (requested -> active):
  custom:framework-win-MediaFoundation: 216162199b28c13a410421893ffa2e32 -> 
  custom:video-decoder-ogg-theora: a1e56fd34408186e4bbccfd4996cb3dc -> 
  custom:container-muxer-webm: aa71ff27fc2769a1b78a27578f13a17b -> 
  custom:container-demuxer-webm: 4f35f7cbe854078d1ac9338744f61a02 -> 
  custom:container-demuxer-ogg: 62fdf1f143b41e24485cea50d1cbac27 -> 
  custom:video-encoder-webm-vp8: eb34c28f22e8b96e1ab97ce403110664 -> 
  custom:video-decoder-webm-vp8: 9c59270c3fd7afecdb556c50c9e8de78 -> 
  custom:audio-decoder-ogg-vorbis: bf7c407c2cedff20999df2af8eb42d56 -> 
  custom:audio-encoder-webm-vorbis: bf7c407c2cedff20999df2af8eb42d56 -> 
========================================================================
Received Import Request.
  path: Assets/mainScene_Profiles/Sphere Profile.asset
  artifactKey: Guid(b51b4dafd22b72d45bd2e180592b0245) Importer(815301076,1909f56bfc062723c751e8b465ee728b)
Start importing Assets/mainScene_Profiles/Sphere Profile.asset using Guid(b51b4dafd22b72d45bd2e180592b0245) Importer(815301076,1909f56bfc062723c751e8b465ee728b)  -> (artifact id: 'bc7f847f8c771536e193dee298e16395') in 0.038817 seconds 
  Import took 0.043190 seconds .

========================================================================
Received Import Request.
  Time since last request: 5.620666 seconds.
  path: Assets/mainScene_Profiles/Sphere Profile.asset
  artifactKey: Guid(b51b4dafd22b72d45bd2e180592b0245) Importer(815301076,1909f56bfc062723c751e8b465ee728b)
Start importing Assets/mainScene_Profiles/Sphere Profile.asset using Guid(b51b4dafd22b72d45bd2e180592b0245) Importer(815301076,1909f56bfc062723c751e8b465ee728b)  -> (artifact id: 'aa5919e1c3ceb72ae58fd9ab13a05f22') in 0.020213 seconds 
  Import took 0.032733 seconds .

========================================================================
Received Import Request.
  Time since last request: 312.573536 seconds.
  path: Assets/mainScene_Profiles
  artifactKey: Guid(8e6d51902784a4f48ab6e993d9feb251) Importer(815301076,1909f56bfc062723c751e8b465ee728b)
Start importing Assets/mainScene_Profiles using Guid(8e6d51902784a4f48ab6e993d9feb251) Importer(815301076,1909f56bfc062723c751e8b465ee728b)  -> (artifact id: '9855b40c7251296dfe3fdf1b03ad3ce9') in 0.015657 seconds 
  Import took 0.021196 seconds .

========================================================================
Received Import Request.
  Time since last request: 321.057290 seconds.
  path: Assets/mainScene_Profiles/Sphere Profile.asset
  artifactKey: Guid(b51b4dafd22b72d45bd2e180592b0245) Importer(815301076,1909f56bfc062723c751e8b465ee728b)
Start importing Assets/mainScene_Profiles/Sphere Profile.asset using Guid(b51b4dafd22b72d45bd2e180592b0245) Importer(815301076,1909f56bfc062723c751e8b465ee728b)  -> (artifact id: '644c3625cac377577603f24aa1dd212c') in 0.007151 seconds 
  Import took 0.012986 seconds .

========================================================================
Received Prepare
Registering precompiled user dll's ...
Registered in 0.004866 seconds.
Begin MonoManager ReloadAssembly
Native extension for WindowsStandalone target not found
Refreshing native plugins compatible for Editor in 0.47 ms, found 2 plugins.
Preloading 0 native plugins for Editor in 0.00 ms.
Mono: successfully reloaded assembly
- Completed reload, in  1.467 seconds
Domain Reload Profiling:
	ReloadAssembly (1467ms)
		BeginReloadAssembly (158ms)
			ExecutionOrderSort (0ms)
			DisableScriptedObjects (7ms)
			BackupInstance (0ms)
			ReleaseScriptingObjects (0ms)
			CreateAndSetChildDomain (51ms)
		EndReloadAssembly (1219ms)
			LoadAssemblies (220ms)
			RebuildTransferFunctionScriptingTraits (0ms)
			SetupTypeCache (413ms)
			ReleaseScriptCaches (1ms)
			RebuildScriptCaches (59ms)
			SetupLoadedEditorAssemblies (391ms)
				LogAssemblyErrors (0ms)
				InitializePlatformSupportModulesInManaged (6ms)
				SetLoadedEditorAssemblies (1ms)
				RefreshPlugins (1ms)
				BeforeProcessingInitializeOnLoad (75ms)
				ProcessInitializeOnLoadAttributes (279ms)
				ProcessInitializeOnLoadMethodAttributes (21ms)
				AfterProcessingInitializeOnLoad (9ms)
				EditorAssembliesLoaded (0ms)
			ExecutionOrderSort2 (0ms)
			AwakeInstancesAfterBackupRestoration (8ms)
Platform modules already initialized, skipping
Refreshing native plugins compatible for Editor in 0.51 ms, found 2 plugins.
Preloading 0 native plugins for Editor in 0.00 ms.
Unloading 1954 Unused Serialized files (Serialized files now loaded: 0)
System memory in use before: 88.6 MB.
System memory in use after: 88.7 MB.

Unloading 15 unused Assets to reduce memory usage. Loaded Objects now: 2448.
Total: 3.622500 ms (FindLiveObjects: 0.222400 ms CreateObjectMapping: 0.083500 ms MarkObjects: 3.213300 ms  DeleteObjects: 0.101900 ms)

AssetImportParameters requested are different than current active one (requested -> active):
  custom:framework-win-MediaFoundation: 216162199b28c13a410421893ffa2e32 -> 
  custom:video-decoder-ogg-theora: a1e56fd34408186e4bbccfd4996cb3dc -> 
  custom:container-muxer-webm: aa71ff27fc2769a1b78a27578f13a17b -> 
  custom:container-demuxer-webm: 4f35f7cbe854078d1ac9338744f61a02 -> 
  custom:container-demuxer-ogg: 62fdf1f143b41e24485cea50d1cbac27 -> 
  custom:video-encoder-webm-vp8: eb34c28f22e8b96e1ab97ce403110664 -> 
  custom:video-decoder-webm-vp8: 9c59270c3fd7afecdb556c50c9e8de78 -> 
  custom:audio-decoder-ogg-vorbis: bf7c407c2cedff20999df2af8eb42d56 -> 
  custom:audio-encoder-webm-vorbis: bf7c407c2cedff20999df2af8eb42d56 -> 
========================================================================
Received Import Request.
  Time since last request: 173.373246 seconds.
  path: Assets/Post Processing
  artifactKey: Guid(6494ccb4a51850142bcebdd72446ed61) Importer(815301076,1909f56bfc062723c751e8b465ee728b)
Start importing Assets/Post Processing using Guid(6494ccb4a51850142bcebdd72446ed61) Importer(815301076,1909f56bfc062723c751e8b465ee728b)  -> (artifact id: '1464b89d56b671a649f68766c66ff987') in 0.021030 seconds 
  Import took 0.029393 seconds .

========================================================================
Received Import Request.
  Time since last request: 21.461065 seconds.
  path: Assets/Post Processing/Glow.asset
  artifactKey: Guid(ad6640f83ee6a7242b896289a37d5b53) Importer(815301076,1909f56bfc062723c751e8b465ee728b)
Start importing Assets/Post Processing/Glow.asset using Guid(ad6640f83ee6a7242b896289a37d5b53) Importer(815301076,1909f56bfc062723c751e8b465ee728b)  -> (artifact id: '38082c1a600435f04a82f434c0edab63') in 0.038920 seconds 
  Import took 0.045162 seconds .

========================================================================
Received Import Request.
  Time since last request: 90.955596 seconds.
  path: ProjectSettings/TagManager.asset
  artifactKey: Guid(00000000000000003000000000000000) Importer(815301076,1909f56bfc062723c751e8b465ee728b)
Start importing ProjectSettings/TagManager.asset using Guid(00000000000000003000000000000000) Importer(815301076,1909f56bfc062723c751e8b465ee728b)  -> (artifact id: '8a98590f61e33058bf5f3f4aeed2485f') in 0.013221 seconds 
  Import took 0.018971 seconds .

========================================================================
Received Import Request.
  Time since last request: 369.227234 seconds.
  path: Assets/Post Processing/Glow.asset
  artifactKey: Guid(ad6640f83ee6a7242b896289a37d5b53) Importer(815301076,1909f56bfc062723c751e8b465ee728b)
Start importing Assets/Post Processing/Glow.asset using Guid(ad6640f83ee6a7242b896289a37d5b53) Importer(815301076,1909f56bfc062723c751e8b465ee728b)  -> (artifact id: '1105a1e170b801123b235052b3223380') in 0.024100 seconds 
  Import took 0.035293 seconds .

========================================================================
Received Import Request.
  Time since last request: 117.898596 seconds.
  path: ProjectSettings/TagManager.asset
  artifactKey: Guid(00000000000000003000000000000000) Importer(815301076,1909f56bfc062723c751e8b465ee728b)
Start importing ProjectSettings/TagManager.asset using Guid(00000000000000003000000000000000) Importer(815301076,1909f56bfc062723c751e8b465ee728b)  -> (artifact id: '0f5c5847698f15d6ed5dffaedbf7a599') in 0.005279 seconds 
  Import took 0.011055 seconds .

========================================================================
Received Import Request.
  Time since last request: 100.087604 seconds.
  path: Assets/Volume.cs
  artifactKey: Guid(2390ef084c2691046a9137c1b5550d1f) Importer(815301076,1909f56bfc062723c751e8b465ee728b)
Start importing Assets/Volume.cs using Guid(2390ef084c2691046a9137c1b5550d1f) Importer(815301076,1909f56bfc062723c751e8b465ee728b)  -> (artifact id: 'c9b7c7c2de0cd68458d8d8cf8a89b674') in 0.030365 seconds 
  Import took 0.035397 seconds .

========================================================================
Received Import Request.
  Time since last request: 49.591888 seconds.
  path: Assets/PostProcessing
  artifactKey: Guid(f137d15d6cecbb040ad0e81cdcac187a) Importer(815301076,1909f56bfc062723c751e8b465ee728b)
Start importing Assets/PostProcessing using Guid(f137d15d6cecbb040ad0e81cdcac187a) Importer(815301076,1909f56bfc062723c751e8b465ee728b)  -> (artifact id: 'ea6facb515a19d7513961a33c529f4a2') in 0.016406 seconds 
  Import took 0.022791 seconds .

========================================================================
Received Prepare
Registering precompiled user dll's ...
Registered in 0.005352 seconds.
Begin MonoManager ReloadAssembly
Native extension for WindowsStandalone target not found
Refreshing native plugins compatible for Editor in 0.51 ms, found 2 plugins.
Preloading 0 native plugins for Editor in 0.00 ms.
Mono: successfully reloaded assembly
- Completed reload, in  1.404 seconds
Domain Reload Profiling:
	ReloadAssembly (1405ms)
		BeginReloadAssembly (173ms)
			ExecutionOrderSort (0ms)
			DisableScriptedObjects (5ms)
			BackupInstance (0ms)
			ReleaseScriptingObjects (0ms)
			CreateAndSetChildDomain (52ms)
		EndReloadAssembly (1133ms)
			LoadAssemblies (142ms)
			RebuildTransferFunctionScriptingTraits (0ms)
			SetupTypeCache (444ms)
			ReleaseScriptCaches (1ms)
			RebuildScriptCaches (59ms)
			SetupLoadedEditorAssemblies (367ms)
				LogAssemblyErrors (0ms)
				InitializePlatformSupportModulesInManaged (6ms)
				SetLoadedEditorAssemblies (1ms)
				RefreshPlugins (1ms)
				BeforeProcessingInitializeOnLoad (73ms)
				ProcessInitializeOnLoadAttributes (269ms)
				ProcessInitializeOnLoadMethodAttributes (10ms)
				AfterProcessingInitializeOnLoad (7ms)
				EditorAssembliesLoaded (0ms)
			ExecutionOrderSort2 (0ms)
			AwakeInstancesAfterBackupRestoration (10ms)
Platform modules already initialized, skipping
Refreshing native plugins compatible for Editor in 0.50 ms, found 2 plugins.
Preloading 0 native plugins for Editor in 0.00 ms.
Unloading 1954 Unused Serialized files (Serialized files now loaded: 0)
System memory in use before: 88.7 MB.
System memory in use after: 88.8 MB.

Unloading 17 unused Assets to reduce memory usage. Loaded Objects now: 2450.
Total: 3.834300 ms (FindLiveObjects: 0.243300 ms CreateObjectMapping: 0.138400 ms MarkObjects: 3.345700 ms  DeleteObjects: 0.105400 ms)

AssetImportParameters requested are different than current active one (requested -> active):
  custom:framework-win-MediaFoundation: 216162199b28c13a410421893ffa2e32 -> 
  custom:video-decoder-ogg-theora: a1e56fd34408186e4bbccfd4996cb3dc -> 
  custom:container-muxer-webm: aa71ff27fc2769a1b78a27578f13a17b -> 
  custom:container-demuxer-webm: 4f35f7cbe854078d1ac9338744f61a02 -> 
  custom:container-demuxer-ogg: 62fdf1f143b41e24485cea50d1cbac27 -> 
  custom:video-encoder-webm-vp8: eb34c28f22e8b96e1ab97ce403110664 -> 
  custom:video-decoder-webm-vp8: 9c59270c3fd7afecdb556c50c9e8de78 -> 
  custom:audio-decoder-ogg-vorbis: bf7c407c2cedff20999df2af8eb42d56 -> 
  custom:audio-encoder-webm-vorbis: bf7c407c2cedff20999df2af8eb42d56 -> 
========================================================================
Received Prepare
Registering precompiled user dll's ...
Registered in 0.008699 seconds.
Begin MonoManager ReloadAssembly
Native extension for WindowsStandalone target not found
Refreshing native plugins compatible for Editor in 0.72 ms, found 2 plugins.
Preloading 0 native plugins for Editor in 0.00 ms.
Mono: successfully reloaded assembly
- Completed reload, in  1.538 seconds
Domain Reload Profiling:
	ReloadAssembly (1538ms)
		BeginReloadAssembly (183ms)
			ExecutionOrderSort (0ms)
			DisableScriptedObjects (6ms)
			BackupInstance (0ms)
			ReleaseScriptingObjects (0ms)
			CreateAndSetChildDomain (57ms)
		EndReloadAssembly (1251ms)
			LoadAssemblies (136ms)
			RebuildTransferFunctionScriptingTraits (0ms)
			SetupTypeCache (466ms)
			ReleaseScriptCaches (1ms)
			RebuildScriptCaches (52ms)
			SetupLoadedEditorAssemblies (449ms)
				LogAssemblyErrors (0ms)
				InitializePlatformSupportModulesInManaged (7ms)
				SetLoadedEditorAssemblies (1ms)
				RefreshPlugins (1ms)
				BeforeProcessingInitializeOnLoad (92ms)
				ProcessInitializeOnLoadAttributes (326ms)
				ProcessInitializeOnLoadMethodAttributes (14ms)
				AfterProcessingInitializeOnLoad (8ms)
				EditorAssembliesLoaded (0ms)
			ExecutionOrderSort2 (0ms)
			AwakeInstancesAfterBackupRestoration (9ms)
Platform modules already initialized, skipping
Refreshing native plugins compatible for Editor in 0.52 ms, found 2 plugins.
Preloading 0 native plugins for Editor in 0.00 ms.
Unloading 1953 Unused Serialized files (Serialized files now loaded: 0)
System memory in use before: 88.7 MB.
System memory in use after: 88.8 MB.

Unloading 16 unused Assets to reduce memory usage. Loaded Objects now: 2451.
Total: 3.888100 ms (FindLiveObjects: 0.239700 ms CreateObjectMapping: 0.080700 ms MarkObjects: 3.462100 ms  DeleteObjects: 0.104500 ms)

AssetImportParameters requested are different than current active one (requested -> active):
  custom:framework-win-MediaFoundation: 216162199b28c13a410421893ffa2e32 -> 
  custom:video-decoder-ogg-theora: a1e56fd34408186e4bbccfd4996cb3dc -> 
  custom:container-muxer-webm: aa71ff27fc2769a1b78a27578f13a17b -> 
  custom:container-demuxer-webm: 4f35f7cbe854078d1ac9338744f61a02 -> 
  custom:container-demuxer-ogg: 62fdf1f143b41e24485cea50d1cbac27 -> 
  custom:video-encoder-webm-vp8: eb34c28f22e8b96e1ab97ce403110664 -> 
  custom:video-decoder-webm-vp8: 9c59270c3fd7afecdb556c50c9e8de78 -> 
  custom:audio-decoder-ogg-vorbis: bf7c407c2cedff20999df2af8eb42d56 -> 
  custom:audio-encoder-webm-vorbis: bf7c407c2cedff20999df2af8eb42d56 -> 
========================================================================
Received Import Request.
  Time since last request: 127.404083 seconds.
  path: Assets/PostProcessing
  artifactKey: Guid(8e6d51902784a4f48ab6e993d9feb251) Importer(815301076,1909f56bfc062723c751e8b465ee728b)
Start importing Assets/PostProcessing using Guid(8e6d51902784a4f48ab6e993d9feb251) Importer(815301076,1909f56bfc062723c751e8b465ee728b)  -> (artifact id: '9316d8dcca05c0486668cb216e476b45') in 0.010569 seconds 
  Import took 0.014712 seconds .

========================================================================
Received Import Request.
  Time since last request: 3.869315 seconds.
  path: Assets/PostProcessing/Bloom.asset
  artifactKey: Guid(b51b4dafd22b72d45bd2e180592b0245) Importer(815301076,1909f56bfc062723c751e8b465ee728b)
Start importing Assets/PostProcessing/Bloom.asset using Guid(b51b4dafd22b72d45bd2e180592b0245) Importer(815301076,1909f56bfc062723c751e8b465ee728b)  -> (artifact id: '500b143f8d1e147e8b0a2c4bd6b8ca5d') in 0.033204 seconds 
  Import took 0.039915 seconds .

========================================================================
Received Import Request.
  Time since last request: 11.944841 seconds.
  path: Assets/PostProcessing/Glow.asset
  artifactKey: Guid(b51b4dafd22b72d45bd2e180592b0245) Importer(815301076,1909f56bfc062723c751e8b465ee728b)
Start importing Assets/PostProcessing/Glow.asset using Guid(b51b4dafd22b72d45bd2e180592b0245) Importer(815301076,1909f56bfc062723c751e8b465ee728b)  -> (artifact id: '6f2e303454fde226d7f53989b8affd11') in 0.007777 seconds 
  Import took 0.014554 seconds .

========================================================================
Received Import Request.
  Time since last request: 3.651739 seconds.
  path: Assets/PostProcessing/Glow.asset
  artifactKey: Guid(b51b4dafd22b72d45bd2e180592b0245) Importer(815301076,1909f56bfc062723c751e8b465ee728b)
Start importing Assets/PostProcessing/Glow.asset using Guid(b51b4dafd22b72d45bd2e180592b0245) Importer(815301076,1909f56bfc062723c751e8b465ee728b)  -> (artifact id: '8039f3ab175526166a5b8941985b87e7') in 0.021538 seconds 
  Import took 0.029236 seconds .

========================================================================
Received Prepare
Registering precompiled user dll's ...
Registered in 0.008060 seconds.
Begin MonoManager ReloadAssembly
Native extension for WindowsStandalone target not found
Refreshing native plugins compatible for Editor in 0.48 ms, found 2 plugins.
Preloading 0 native plugins for Editor in 0.00 ms.
Mono: successfully reloaded assembly
- Completed reload, in  1.879 seconds
Domain Reload Profiling:
	ReloadAssembly (1880ms)
		BeginReloadAssembly (496ms)
			ExecutionOrderSort (0ms)
			DisableScriptedObjects (9ms)
			BackupInstance (0ms)
			ReleaseScriptingObjects (0ms)
			CreateAndSetChildDomain (123ms)
		EndReloadAssembly (1272ms)
			LoadAssemblies (362ms)
			RebuildTransferFunctionScriptingTraits (0ms)
			SetupTypeCache (461ms)
			ReleaseScriptCaches (1ms)
			RebuildScriptCaches (59ms)
			SetupLoadedEditorAssemblies (454ms)
				LogAssemblyErrors (0ms)
				InitializePlatformSupportModulesInManaged (8ms)
				SetLoadedEditorAssemblies (1ms)
				RefreshPlugins (1ms)
				BeforeProcessingInitializeOnLoad (105ms)
				ProcessInitializeOnLoadAttributes (321ms)
				ProcessInitializeOnLoadMethodAttributes (9ms)
				AfterProcessingInitializeOnLoad (9ms)
				EditorAssembliesLoaded (0ms)
			ExecutionOrderSort2 (0ms)
			AwakeInstancesAfterBackupRestoration (7ms)
Platform modules already initialized, skipping
Refreshing native plugins compatible for Editor in 0.53 ms, found 2 plugins.
Preloading 0 native plugins for Editor in 0.00 ms.
Unloading 1953 Unused Serialized files (Serialized files now loaded: 0)
System memory in use before: 88.7 MB.
System memory in use after: 88.8 MB.

Unloading 15 unused Assets to reduce memory usage. Loaded Objects now: 2453.
Total: 5.236600 ms (FindLiveObjects: 0.444800 ms CreateObjectMapping: 0.158500 ms MarkObjects: 4.498700 ms  DeleteObjects: 0.132900 ms)

AssetImportParameters requested are different than current active one (requested -> active):
  custom:framework-win-MediaFoundation: 216162199b28c13a410421893ffa2e32 -> 
  custom:video-decoder-ogg-theora: a1e56fd34408186e4bbccfd4996cb3dc -> 
  custom:container-muxer-webm: aa71ff27fc2769a1b78a27578f13a17b -> 
  custom:container-demuxer-webm: 4f35f7cbe854078d1ac9338744f61a02 -> 
  custom:container-demuxer-ogg: 62fdf1f143b41e24485cea50d1cbac27 -> 
  custom:video-encoder-webm-vp8: eb34c28f22e8b96e1ab97ce403110664 -> 
  custom:video-decoder-webm-vp8: 9c59270c3fd7afecdb556c50c9e8de78 -> 
  custom:audio-decoder-ogg-vorbis: bf7c407c2cedff20999df2af8eb42d56 -> 
  custom:audio-encoder-webm-vorbis: bf7c407c2cedff20999df2af8eb42d56 -> 
========================================================================
Received Import Request.
  Time since last request: 186.218847 seconds.
  path: Assets/Prefabs
  artifactKey: Guid(0c69cb359b43aab4b8dbae0e0ec5a45a) Importer(815301076,1909f56bfc062723c751e8b465ee728b)
Start importing Assets/Prefabs using Guid(0c69cb359b43aab4b8dbae0e0ec5a45a) Importer(815301076,1909f56bfc062723c751e8b465ee728b)  -> (artifact id: 'e6aacec6922bcb37d61cfd3213af836b') in 0.028188 seconds 
  Import took 0.036064 seconds .

========================================================================
Received Import Request.
  Time since last request: 24.969132 seconds.
  path: Assets/Prefabs/Orb.prefab
  artifactKey: Guid(eadf4d4dc7a93ea4f8b7d389e30228f4) Importer(815301076,1909f56bfc062723c751e8b465ee728b)
Start importing Assets/Prefabs/Orb.prefab using Guid(eadf4d4dc7a93ea4f8b7d389e30228f4) Importer(815301076,1909f56bfc062723c751e8b465ee728b)  -> (artifact id: 'f7542a54681530e67338d12f0b3fa734') in 0.195337 seconds 
  Import took 0.201979 seconds .

========================================================================
Received Import Request.
  Time since last request: 67.680312 seconds.
  path: Assets/Prefabs/Orb.prefab
  artifactKey: Guid(eadf4d4dc7a93ea4f8b7d389e30228f4) Importer(815301076,1909f56bfc062723c751e8b465ee728b)
Start importing Assets/Prefabs/Orb.prefab using Guid(eadf4d4dc7a93ea4f8b7d389e30228f4) Importer(815301076,1909f56bfc062723c751e8b465ee728b)  -> (artifact id: '04c6470252f91aa722a7d0dfe689e93e') in 0.039587 seconds 
  Import took 0.048373 seconds .

========================================================================
Received Import Request.
  Time since last request: 14.715574 seconds.
  path: Assets/Prefabs/Orb.prefab
  artifactKey: Guid(eadf4d4dc7a93ea4f8b7d389e30228f4) Importer(815301076,1909f56bfc062723c751e8b465ee728b)
Start importing Assets/Prefabs/Orb.prefab using Guid(eadf4d4dc7a93ea4f8b7d389e30228f4) Importer(815301076,1909f56bfc062723c751e8b465ee728b)  -> (artifact id: '077318bb5d52829e92929efbbd7c06ca') in 0.034292 seconds 
  Import took 0.044063 seconds .

